<?xml version="1.0" encoding="UTF-8"?>
<!-- Generated by org.testng.reporters.JUnitReportReporter -->
<testsuite hostname="TMPL-LP-221" failures="0" tests="4" name="testrun.testrun" time="58.952" errors="0" timestamp="2024-06-16T23:30:10 IST" skipped="0">
  <testcase classname="testrun.testrun" name="runScenario" time="18.034"/>
  <testcase classname="testrun.testrun" name="runScenario" time="13.447"/>
  <testcase classname="testrun.testrun" name="runScenario" time="13.321"/>
  <testcase classname="testrun.testrun" name="runScenario" time="14.150"/>
</testsuite> <!-- testrun.testrun -->
