<?xml version="1.0" encoding="UTF-8"?>
<!-- Generated by org.testng.reporters.JUnitReportReporter -->
<testsuite hostname="TMPL-LP-221" failures="0" tests="1" name="launchApp.LaunchApplication" time="3.473" errors="0" timestamp="2024-06-04T15:28:24 IST" skipped="0">
  <testcase classname="launchApp.LaunchApplication" name="openbrowser" time="3.473"/>
</testsuite> <!-- launchApp.LaunchApplication -->
